2015-04-29 00:25:01,447 [9] INFO  MyRemoteControlServer.ViewModels.MainViewModel - Starting my server.
2015-04-29 00:25:01,491 [3] DEBUG MyRemoteControlServer.ViewModels.MainViewModel - StartBluetoothService
2015-04-29 00:25:01,514 [3] DEBUG MyRemoteControlServer.ViewModels.MainViewModel - 00001101-0000-1000-8000-00805f9b34fb
2015-04-29 00:25:06,280 [3] ERROR MyRemoteControlServer.ViewModels.MainViewModel - Exception occured: Thread was being aborted.
2015-04-29 00:25:15,369 [9] DEBUG MyRemoteControlServer.ViewModels.MainViewModel - WindowOnClosing
2015-04-29 00:27:06,475 [9] INFO  MyRemoteControlServer.ViewModels.MainViewModel - Starting my server.
2015-04-29 00:27:06,518 [10] DEBUG MyRemoteControlServer.ViewModels.MainViewModel - StartBluetoothService
2015-04-29 00:27:06,541 [10] DEBUG MyRemoteControlServer.ViewModels.MainViewModel - 00001101-0000-1000-8000-00805f9b34fb
2015-04-29 00:27:11,100 [10] ERROR MyRemoteControlServer.ViewModels.MainViewModel - Exception occured: Thread was being aborted.
2015-04-29 00:27:18,615 [9] INFO  MyRemoteControlServer.ViewModels.MainViewModel - Starting my server.
2015-04-29 00:27:18,644 [11] DEBUG MyRemoteControlServer.ViewModels.MainViewModel - StartBluetoothService
2015-04-29 00:27:18,659 [11] DEBUG MyRemoteControlServer.ViewModels.MainViewModel - 00001101-0000-1000-8000-00805f9b34fb
2015-04-29 00:27:21,794 [11] ERROR MyRemoteControlServer.ViewModels.MainViewModel - Exception occured: Thread was being aborted.
2015-04-29 00:27:25,190 [9] DEBUG MyRemoteControlServer.ViewModels.MainViewModel - WindowOnClosing
2015-04-29 00:28:57,693 [8] INFO  MyRemoteControlServer.ViewModels.MainViewModel - Starting my server.
2015-04-29 00:28:57,737 [9] DEBUG MyRemoteControlServer.ViewModels.MainViewModel - StartBluetoothService
2015-04-29 00:28:57,760 [9] DEBUG MyRemoteControlServer.ViewModels.MainViewModel - 00001101-0000-1000-8000-00805f9b34fb
2015-04-29 00:29:02,309 [9] ERROR MyRemoteControlServer.ViewModels.MainViewModel - Exception occured: Thread was being aborted.
2015-04-29 00:29:05,710 [8] DEBUG MyRemoteControlServer.ViewModels.MainViewModel - WindowOnClosing
2015-04-29 00:29:25,781 [9] INFO  MyRemoteControlServer.ViewModels.MainViewModel - Starting my server.
2015-04-29 00:29:25,825 [10] DEBUG MyRemoteControlServer.ViewModels.MainViewModel - StartBluetoothService
2015-04-29 00:29:25,848 [10] DEBUG MyRemoteControlServer.ViewModels.MainViewModel - 00001101-0000-1000-8000-00805f9b34fb
2015-04-29 00:29:30,440 [10] ERROR MyRemoteControlServer.ViewModels.MainViewModel - Exception occured: Thread was being aborted.
2015-04-29 00:29:41,792 [9] INFO  MyRemoteControlServer.ViewModels.MainViewModel - Starting my server.
2015-04-29 00:29:41,800 [6] DEBUG MyRemoteControlServer.ViewModels.MainViewModel - StartBluetoothService
2015-04-29 00:29:41,815 [6] DEBUG MyRemoteControlServer.ViewModels.MainViewModel - 00001101-0000-1000-8000-00805f9b34fb
2015-04-29 00:29:47,353 [9] INFO  MyRemoteControlServer.ViewModels.MainViewModel - Starting my server.
2015-04-29 00:29:47,361 [11] DEBUG MyRemoteControlServer.ViewModels.MainViewModel - StartBluetoothService
2015-04-29 00:29:47,376 [11] DEBUG MyRemoteControlServer.ViewModels.MainViewModel - 00001101-0000-1000-8000-00805f9b34fb
2015-04-29 00:29:53,952 [9] DEBUG MyRemoteControlServer.ViewModels.MainViewModel - WindowOnClosing
2015-04-29 00:29:54,086 [11] ERROR MyRemoteControlServer.ViewModels.MainViewModel - Exception occured: Thread was being aborted.
